d:\projecten\github\testold2001\vision\vision\vision\x64\release\vision.pch
d:\projecten\github\testold2001\vision\vision\vision\x64\release\vc120.pdb
d:\projecten\github\testold2001\vision\vision\vision\x64\release\stdafx.obj
d:\projecten\github\testold2001\vision\vision\vision\x64\release\vision.obj
d:\projecten\github\testold2001\vision\vision\vision\x64\release\assemblyinfo.obj
d:\projecten\github\testold2001\vision\vision\vision\x64\release\.netframework,version=v4.5.assemblyattributes.obj
d:\projecten\github\testold2001\vision\vision\vision\x64\release\app.res
d:\projecten\github\testold2001\vision\vision\x64\release\vision.pdb
d:\projecten\github\testold2001\vision\vision\vision\x64\release\vision.tlog\cl.command.1.tlog
d:\projecten\github\testold2001\vision\vision\vision\x64\release\vision.tlog\cl.read.1.tlog
d:\projecten\github\testold2001\vision\vision\vision\x64\release\vision.tlog\cl.write.1.tlog
d:\projecten\github\testold2001\vision\vision\vision\x64\release\vision.tlog\link-cvtres.read.1.tlog
d:\projecten\github\testold2001\vision\vision\vision\x64\release\vision.tlog\link-cvtres.write.1.tlog
d:\projecten\github\testold2001\vision\vision\vision\x64\release\vision.tlog\link-rc.read.1.tlog
d:\projecten\github\testold2001\vision\vision\vision\x64\release\vision.tlog\link-rc.write.1.tlog
d:\projecten\github\testold2001\vision\vision\vision\x64\release\vision.tlog\link.command.1.tlog
d:\projecten\github\testold2001\vision\vision\vision\x64\release\vision.tlog\link.read.1.tlog
d:\projecten\github\testold2001\vision\vision\vision\x64\release\vision.tlog\link.write.1.tlog
d:\projecten\github\testold2001\vision\vision\vision\x64\release\vision.tlog\metagen.read.1.tlog
d:\projecten\github\testold2001\vision\vision\vision\x64\release\vision.tlog\metagen.write.1.tlog
d:\projecten\github\testold2001\vision\vision\vision\x64\release\vision.tlog\rc.command.1.tlog
d:\projecten\github\testold2001\vision\vision\vision\x64\release\vision.tlog\rc.read.1.tlog
d:\projecten\github\testold2001\vision\vision\vision\x64\release\vision.tlog\rc.write.1.tlog
d:\projecten\github\testold2001\vision\vision\vision\x64\release\vision.tlog\tzres.dll.bi
