d:\projecten\github\testold2001\vision\vision\vision\x64\debug\vision.pch
d:\projecten\github\testold2001\vision\vision\vision\x64\debug\vc120.pdb
d:\projecten\github\testold2001\vision\vision\vision\x64\debug\stdafx.obj
d:\projecten\github\testold2001\vision\vision\vision\x64\debug\vision.obj
d:\projecten\github\testold2001\vision\vision\vision\x64\debug\assemblyinfo.obj
d:\projecten\github\testold2001\vision\vision\vision\x64\debug\analyse.obj
d:\projecten\github\testold2001\vision\vision\vision\x64\debug\.netframework,version=v4.5.assemblyattributes.obj
d:\projecten\github\testold2001\vision\vision\x64\debug\vision.exe
d:\projecten\github\testold2001\vision\vision\x64\debug\vision.pdb
d:\projecten\github\testold2001\vision\vision\vision\x64\debug\app.res
d:\projecten\github\testold2001\vision\vision\vision\x64\debug\vision.vcxprojresolveassemblyreference.cache
d:\projecten\github\testold2001\vision\vision\vision\x64\debug\vision.tlog\cl.command.1.tlog
d:\projecten\github\testold2001\vision\vision\vision\x64\debug\vision.tlog\cl.read.1.tlog
d:\projecten\github\testold2001\vision\vision\vision\x64\debug\vision.tlog\cl.write.1.tlog
d:\projecten\github\testold2001\vision\vision\vision\x64\debug\vision.tlog\link.command.1.tlog
d:\projecten\github\testold2001\vision\vision\vision\x64\debug\vision.tlog\link.read.1.tlog
d:\projecten\github\testold2001\vision\vision\vision\x64\debug\vision.tlog\link.write.1.tlog
d:\projecten\github\testold2001\vision\vision\vision\x64\debug\vision.tlog\metagen.read.1.tlog
d:\projecten\github\testold2001\vision\vision\vision\x64\debug\vision.tlog\metagen.write.1.tlog
d:\projecten\github\testold2001\vision\vision\vision\x64\debug\vision.tlog\rc.command.1.tlog
d:\projecten\github\testold2001\vision\vision\vision\x64\debug\vision.tlog\rc.read.1.tlog
d:\projecten\github\testold2001\vision\vision\vision\x64\debug\vision.tlog\rc.write.1.tlog
d:\projecten\github\testold2001\vision\vision\vision\x64\debug\vision.tlog\tzres.dll.bi
